  stdafx.cpp
  操作系统课设-杨楚峤.cpp
c:\个人\作业合集\操作系统课设\171001220_杨楚峤\171001220_杨楚峤_操作系统实习源码\操作系统课设-杨楚峤（默认)\操作系统课设-杨楚峤\操作系统课设-杨楚峤.cpp(6): warning C4005: “_CRT_SECURE_NO_WARNINGS”: 宏重定义
  c:\个人\作业合集\操作系统课设\171001220_杨楚峤\171001220_杨楚峤_操作系统实习源码\操作系统课设-杨楚峤（默认)\操作系统课设-杨楚峤\操作系统课设-杨楚峤.cpp(6): note: 命令行参数: 参见前面的“_CRT_SECURE_NO_WARNINGS”定义
c:\个人\作业合集\操作系统课设\171001220_杨楚峤\171001220_杨楚峤_操作系统实习源码\操作系统课设-杨楚峤（默认)\操作系统课设-杨楚峤\操作系统课设-杨楚峤.cpp(6): warning C4603: “_CRT_SECURE_NO_WARNINGS”: 未定义宏或在预编译头使用后定义发生改变
  c:\个人\作业合集\操作系统课设\171001220_杨楚峤\171001220_杨楚峤_操作系统实习源码\操作系统课设-杨楚峤（默认)\操作系统课设-杨楚峤\操作系统课设-杨楚峤.cpp(6): note: 将宏添加到预编译头中，而不是在此处定义
  c:\个人\作业合集\操作系统课设\171001220_杨楚峤\171001220_杨楚峤_操作系统实习源码\操作系统课设-杨楚峤（默认)\操作系统课设-杨楚峤\操作系统课设-杨楚峤.cpp(7): note: 使用预编译头
c:\个人\作业合集\操作系统课设\171001220_杨楚峤\171001220_杨楚峤_操作系统实习源码\操作系统课设-杨楚峤（默认)\操作系统课设-杨楚峤\操作系统课设-杨楚峤.cpp(738): warning C4129: “/”: 不可识别的字符转义序列
c:\个人\作业合集\操作系统课设\171001220_杨楚峤\171001220_杨楚峤_操作系统实习源码\操作系统课设-杨楚峤（默认)\操作系统课设-杨楚峤\操作系统课设-杨楚峤.cpp(897): warning C4129: “/”: 不可识别的字符转义序列
c:\个人\作业合集\操作系统课设\171001220_杨楚峤\171001220_杨楚峤_操作系统实习源码\操作系统课设-杨楚峤（默认)\操作系统课设-杨楚峤\操作系统课设-杨楚峤.cpp(902): warning C4129: “/”: 不可识别的字符转义序列
c:\个人\作业合集\操作系统课设\171001220_杨楚峤\171001220_杨楚峤_操作系统实习源码\操作系统课设-杨楚峤（默认)\操作系统课设-杨楚峤\操作系统课设-杨楚峤.cpp(905): warning C4129: “/”: 不可识别的字符转义序列
c:\个人\作业合集\操作系统课设\171001220_杨楚峤\171001220_杨楚峤_操作系统实习源码\操作系统课设-杨楚峤（默认)\操作系统课设-杨楚峤\操作系统课设-杨楚峤.cpp(917): warning C4018: “<”: 有符号/无符号不匹配
c:\个人\作业合集\操作系统课设\171001220_杨楚峤\171001220_杨楚峤_操作系统实习源码\操作系统课设-杨楚峤（默认)\操作系统课设-杨楚峤\操作系统课设-杨楚峤.cpp(919): warning C4129: “/”: 不可识别的字符转义序列
c:\个人\作业合集\操作系统课设\171001220_杨楚峤\171001220_杨楚峤_操作系统实习源码\操作系统课设-杨楚峤（默认)\操作系统课设-杨楚峤\操作系统课设-杨楚峤.cpp(953): warning C4018: “<”: 有符号/无符号不匹配
c:\个人\作业合集\操作系统课设\171001220_杨楚峤\171001220_杨楚峤_操作系统实习源码\操作系统课设-杨楚峤（默认)\操作系统课设-杨楚峤\操作系统课设-杨楚峤.cpp(968): warning C4129: “/”: 不可识别的字符转义序列
c:\个人\作业合集\操作系统课设\171001220_杨楚峤\171001220_杨楚峤_操作系统实习源码\操作系统课设-杨楚峤（默认)\操作系统课设-杨楚峤\操作系统课设-杨楚峤.cpp(984): warning C4129: “/”: 不可识别的字符转义序列
c:\个人\作业合集\操作系统课设\171001220_杨楚峤\171001220_杨楚峤_操作系统实习源码\操作系统课设-杨楚峤（默认)\操作系统课设-杨楚峤\操作系统课设-杨楚峤.cpp(1175): warning C4018: “<”: 有符号/无符号不匹配
c:\个人\作业合集\操作系统课设\171001220_杨楚峤\171001220_杨楚峤_操作系统实习源码\操作系统课设-杨楚峤（默认)\操作系统课设-杨楚峤\操作系统课设-杨楚峤.cpp(1254): warning C4129: “/”: 不可识别的字符转义序列
c:\个人\作业合集\操作系统课设\171001220_杨楚峤\171001220_杨楚峤_操作系统实习源码\操作系统课设-杨楚峤（默认)\操作系统课设-杨楚峤\操作系统课设-杨楚峤.cpp(1268): warning C4129: “/”: 不可识别的字符转义序列
c:\个人\作业合集\操作系统课设\171001220_杨楚峤\171001220_杨楚峤_操作系统实习源码\操作系统课设-杨楚峤（默认)\操作系统课设-杨楚峤\操作系统课设-杨楚峤.cpp(1579): warning C4101: “content1”: 未引用的局部变量
c:\个人\作业合集\操作系统课设\171001220_杨楚峤\171001220_杨楚峤_操作系统实习源码\操作系统课设-杨楚峤（默认)\操作系统课设-杨楚峤\操作系统课设-杨楚峤.cpp(1828): warning C4018: “<”: 有符号/无符号不匹配
c:\个人\作业合集\操作系统课设\171001220_杨楚峤\171001220_杨楚峤_操作系统实习源码\操作系统课设-杨楚峤（默认)\操作系统课设-杨楚峤\操作系统课设-杨楚峤.cpp(1903): warning C4018: “<”: 有符号/无符号不匹配
c:\个人\作业合集\操作系统课设\171001220_杨楚峤\171001220_杨楚峤_操作系统实习源码\操作系统课设-杨楚峤（默认)\操作系统课设-杨楚峤\操作系统课设-杨楚峤.cpp(2086): warning C4018: “<”: 有符号/无符号不匹配
c:\个人\作业合集\操作系统课设\171001220_杨楚峤\171001220_杨楚峤_操作系统实习源码\操作系统课设-杨楚峤（默认)\操作系统课设-杨楚峤\操作系统课设-杨楚峤.cpp(2096): warning C4018: “<”: 有符号/无符号不匹配
  操作系统课设-杨楚峤.vcxproj -> C:\个人\作业合集\操作系统课设\171001220_杨楚峤\171001220_杨楚峤_操作系统实习源码\操作系统课设-杨楚峤（默认)\Debug\操作系统课设-杨楚峤.exe
  操作系统课设-杨楚峤.vcxproj -> C:\个人\作业合集\操作系统课设\171001220_杨楚峤\171001220_杨楚峤_操作系统实习源码\操作系统课设-杨楚峤（默认)\Debug\操作系统课设-杨楚峤.pdb (Full PDB)
